<?xml version="1.0" encoding="UTF-8"?>
<robot generator="Robot 4.0 (Python 3.8.1 on win32)" generated="20210325 03:56:04.397" rpa="false" schemaversion="2">
<suite id="s1" name="DataBaseTest" source="C:\Users\edalgom\Python\RobotFramework\DataBaseTest\DataBaseTest.robot">
<test id="s1-t1" name="Test Connetion">
<kw name="Connect To DB">
<arg>${DB_CONNECT_STRING}</arg>
<kw name="Set Environment Variable" library="OperatingSystem">
<arg>PATH</arg>
<arg>C:\\instantclient_19_10</arg>
<doc>Sets an environment variable to a specified value.</doc>
<msg timestamp="20210325 03:56:04.470" level="INFO">Environment variable 'PATH' set to value 'C:\instantclient_19_10'.</msg>
<status status="PASS" starttime="20210325 03:56:04.470" endtime="20210325 03:56:04.470"/>
</kw>
<kw name="Set Global Variable" library="BuiltIn">
<arg>${DB_CONNECT_STRING_VALUE}</arg>
<doc>Makes a variable available globally in all tests and suites.</doc>
<msg timestamp="20210325 03:56:04.471" level="INFO">${DB_CONNECT_STRING_VALUE} = 'system/oracle@(DESCRIPTION=(ADDRESS=(PROTOCOL=TCP)(HOST=localhost)(PORT=4961))(CONNECT_DATA=(SERVER=DEDICATED)(SERVICE_NAME=xe)))'</msg>
<status status="PASS" starttime="20210325 03:56:04.470" endtime="20210325 03:56:04.471"/>
</kw>
<kw name="Connect To Database Using Custom Params" library="DatabaseLibrary">
<arg>cx_Oracle</arg>
<arg>${DB_CONNECT_STRING_VALUE}</arg>
<doc>Loads the DB API 2.0 module given `dbapiModuleName` then uses it to
connect to the database using the map string `db_custom_param_string`.</doc>
<msg timestamp="20210325 03:56:04.477" level="INFO">Executing : Connect To Database Using Custom Params : cx_Oracle.connect(db_api_2.connect('system/oracle@(DESCRIPTION=(ADDRESS=(PROTOCOL=TCP)(HOST=localhost)(PORT=4961))(CONNECT_DATA=(SERVER=DEDICATED)(SERVICE_NAME=xe)))')) </msg>
<status status="PASS" starttime="20210325 03:56:04.471" endtime="20210325 03:56:04.738"/>
</kw>
<status status="PASS" starttime="20210325 03:56:04.469" endtime="20210325 03:56:04.738"/>
</kw>
<kw name="Run Query and log results">
<arg>select * from funcionarios</arg>
<kw name="Set Global Variable" library="BuiltIn">
<arg>${QUERY_TO_EXECUTE}</arg>
<doc>Makes a variable available globally in all tests and suites.</doc>
<msg timestamp="20210325 03:56:04.739" level="INFO">${QUERY_TO_EXECUTE} = select * from funcionarios</msg>
<status status="PASS" starttime="20210325 03:56:04.739" endtime="20210325 03:56:04.739"/>
</kw>
<kw name="Query" library="DatabaseLibrary">
<var>${queryResults}</var>
<arg>${QUERY_TO_EXECUTE}</arg>
<doc>Uses the input `selectStatement` to query for the values that will be returned as a list of tuples. Set optional
input `sansTran` to True to run command without an explicit transaction commit or rollback.
Set optional input `returnAsDict` to True to return values as a list of dictionaries.</doc>
<msg timestamp="20210325 03:56:04.740" level="INFO">Executing : Query  |  select * from funcionarios </msg>
<msg timestamp="20210325 03:56:04.743" level="INFO">${queryResults} = [(1, 'Dalton'), (2, 'Kato')]</msg>
<status status="PASS" starttime="20210325 03:56:04.739" endtime="20210325 03:56:04.743"/>
</kw>
<kw name="Log To Console" library="BuiltIn">
<arg>${queryResults}</arg>
<doc>Logs the given message to the console.</doc>
<status status="PASS" starttime="20210325 03:56:04.743" endtime="20210325 03:56:04.744"/>
</kw>
<status status="PASS" starttime="20210325 03:56:04.738" endtime="20210325 03:56:04.744"/>
</kw>
<kw name="Disconnect From DB">
<kw name="Disconnect From Database" library="DatabaseLibrary">
<doc>Disconnects from the database.</doc>
<msg timestamp="20210325 03:56:04.745" level="INFO">Executing : Disconnect From Database</msg>
<status status="PASS" starttime="20210325 03:56:04.745" endtime="20210325 03:56:04.748"/>
</kw>
<status status="PASS" starttime="20210325 03:56:04.745" endtime="20210325 03:56:04.748"/>
</kw>
<tag>DBConnect</tag>
<status status="PASS" starttime="20210325 03:56:04.468" endtime="20210325 03:56:04.749"/>
</test>
<test id="s1-t2" name="Test Count Values from Table Customers">
<kw name="Connect To DB">
<arg>${DB_CONNECT_STRING_VALUE}</arg>
<kw name="Set Environment Variable" library="OperatingSystem">
<arg>PATH</arg>
<arg>C:\\instantclient_19_10</arg>
<doc>Sets an environment variable to a specified value.</doc>
<msg timestamp="20210325 03:56:04.751" level="INFO">Environment variable 'PATH' set to value 'C:\instantclient_19_10'.</msg>
<status status="PASS" starttime="20210325 03:56:04.751" endtime="20210325 03:56:04.751"/>
</kw>
<kw name="Set Global Variable" library="BuiltIn">
<arg>${DB_CONNECT_STRING_VALUE}</arg>
<doc>Makes a variable available globally in all tests and suites.</doc>
<msg timestamp="20210325 03:56:04.752" level="INFO">${DB_CONNECT_STRING_VALUE} = 'system/oracle@(DESCRIPTION=(ADDRESS=(PROTOCOL=TCP)(HOST=localhost)(PORT=4961))(CONNECT_DATA=(SERVER=DEDICATED)(SERVICE_NAME=xe)))'</msg>
<status status="PASS" starttime="20210325 03:56:04.751" endtime="20210325 03:56:04.752"/>
</kw>
<kw name="Connect To Database Using Custom Params" library="DatabaseLibrary">
<arg>cx_Oracle</arg>
<arg>${DB_CONNECT_STRING_VALUE}</arg>
<doc>Loads the DB API 2.0 module given `dbapiModuleName` then uses it to
connect to the database using the map string `db_custom_param_string`.</doc>
<msg timestamp="20210325 03:56:04.752" level="INFO">Executing : Connect To Database Using Custom Params : cx_Oracle.connect(db_api_2.connect('system/oracle@(DESCRIPTION=(ADDRESS=(PROTOCOL=TCP)(HOST=localhost)(PORT=4961))(CONNECT_DATA=(SERVER=DEDICATED)(SERVICE_NAME=xe)))')) </msg>
<status status="PASS" starttime="20210325 03:56:04.752" endtime="20210325 03:56:04.784"/>
</kw>
<status status="PASS" starttime="20210325 03:56:04.751" endtime="20210325 03:56:04.785"/>
</kw>
<kw name="Count values from table">
<kw name="Row Count Is Equal To X" library="DatabaseLibrary">
<arg>select id from funcionarios</arg>
<arg>2</arg>
<doc>Check if the number of rows returned from `selectStatement` is equal to the value submitted. If not, then this
will throw an AssertionError. Set optional input `sansTran` to True to run command without an explicit
transaction commit or rollback.</doc>
<msg timestamp="20210325 03:56:04.785" level="INFO">Executing : Row Count Is Equal To X  |  select id from funcionarios  |  2 </msg>
<msg timestamp="20210325 03:56:04.785" level="INFO">Executing : Row Count  |  select id from funcionarios </msg>
<status status="PASS" starttime="20210325 03:56:04.785" endtime="20210325 03:56:04.789"/>
</kw>
<status status="PASS" starttime="20210325 03:56:04.785" endtime="20210325 03:56:04.790"/>
</kw>
<kw name="Disconnect From DB">
<kw name="Disconnect From Database" library="DatabaseLibrary">
<doc>Disconnects from the database.</doc>
<msg timestamp="20210325 03:56:04.791" level="INFO">Executing : Disconnect From Database</msg>
<status status="PASS" starttime="20210325 03:56:04.791" endtime="20210325 03:56:04.795"/>
</kw>
<status status="PASS" starttime="20210325 03:56:04.790" endtime="20210325 03:56:04.795"/>
</kw>
<tag>DBConnect</tag>
<status status="PASS" starttime="20210325 03:56:04.750" endtime="20210325 03:56:04.795"/>
</test>
<status status="PASS" starttime="20210325 03:56:04.401" endtime="20210325 03:56:04.797"/>
</suite>
<statistics>
<total>
<stat pass="2" fail="0" skip="0">All Tests</stat>
</total>
<tag>
<stat pass="2" fail="0" skip="0">DBConnect</stat>
</tag>
<suite>
<stat pass="2" fail="0" skip="0" id="s1" name="DataBaseTest">DataBaseTest</stat>
</suite>
</statistics>
<errors>
</errors>
</robot>
